<?xml version="1.0" encoding="UTF-8"?>
<!-- Generated by org.testng.reporters.JUnitReportReporter -->
<testsuite hostname="DESKTOP-V4V8UK9" failures="0" tests="2" name="tests.addaautomation" time="52.045" errors="0" timestamp="2021-02-08T21:50:30 IST" skipped="0">
  <testcase classname="tests.addaautomation" name="openapp" time="35.202"/>
  <system-out/>
  <testcase classname="tests.addaautomation" name="CreatePoll" time="16.843"/>
  <system-out/>
</testsuite> <!-- tests.addaautomation -->
